<?xml version="1.0" encoding="UTF-8"?>
<testng-results skipped="0" failed="1" ignored="0" total="8" passed="7">
  <reporter-output>
  </reporter-output>
  <suite name="Functional_Suite" duration-ms="54200" started-at="2020-06-17T04:02:26Z" finished-at="2020-06-17T04:03:20Z">
    <groups>
    </groups>
    <test name="Login_Test" duration-ms="11500" started-at="2020-06-17T04:02:26Z" finished-at="2020-06-17T04:02:37Z">
      <class name="com.TestScript.Login_Testscript">
        <test-method status="PASS" signature="launchbrowsr()[pri:0, instance:com.TestScript.Login_Testscript@3daa422a]" name="launchbrowsr" is-config="true" duration-ms="8328" started-at="2020-06-17T04:02:26Z" finished-at="2020-06-17T04:02:34Z">
          <reporter-output>
          </reporter-output>
        </test-method> <!-- launchbrowsr -->
        <test-method status="PASS" signature="setup()[pri:0, instance:com.TestScript.Login_Testscript@3daa422a]" name="setup" is-config="true" duration-ms="146" started-at="2020-06-17T04:02:34Z" depends-on-methods="com.Utility.TestBase.launchbrowsr" finished-at="2020-06-17T04:02:34Z">
          <reporter-output>
          </reporter-output>
        </test-method> <!-- setup -->
        <test-method status="PASS" signature="login_To_Sfdc()[pri:1, instance:com.TestScript.Login_Testscript@3daa422a]" name="login_To_Sfdc" duration-ms="471" started-at="2020-06-17T04:02:34Z" finished-at="2020-06-17T04:02:34Z">
          <reporter-output>
          </reporter-output>
        </test-method> <!-- login_To_Sfdc -->
        <test-method status="PASS" signature="login_Button_clicked()[pri:2, instance:com.TestScript.Login_Testscript@3daa422a]" name="login_Button_clicked" duration-ms="1587" started-at="2020-06-17T04:02:34Z" finished-at="2020-06-17T04:02:36Z">
          <reporter-output>
          </reporter-output>
        </test-method> <!-- login_Button_clicked -->
        <test-method status="PASS" signature="closebrowser()[pri:0, instance:com.TestScript.Login_Testscript@3daa422a]" name="closebrowser" is-config="true" duration-ms="921" started-at="2020-06-17T04:02:36Z" finished-at="2020-06-17T04:02:37Z">
          <reporter-output>
          </reporter-output>
        </test-method> <!-- closebrowser -->
      </class> <!-- com.TestScript.Login_Testscript -->
    </test> <!-- Login_Test -->
    <test name="Forgotpass_Test" duration-ms="9162" started-at="2020-06-17T04:02:37Z" finished-at="2020-06-17T04:02:47Z">
      <class name="com.TestScript.ForgotPass_TestScript">
        <test-method status="PASS" signature="launchbrowsr()[pri:0, instance:com.TestScript.ForgotPass_TestScript@479d31f3]" name="launchbrowsr" is-config="true" duration-ms="7506" started-at="2020-06-17T04:02:37Z" finished-at="2020-06-17T04:02:45Z">
          <reporter-output>
          </reporter-output>
        </test-method> <!-- launchbrowsr -->
        <test-method status="PASS" signature="setup()[pri:0, instance:com.TestScript.ForgotPass_TestScript@479d31f3]" name="setup" is-config="true" duration-ms="2" started-at="2020-06-17T04:02:45Z" depends-on-methods="com.Utility.TestBase.launchbrowsr" finished-at="2020-06-17T04:02:45Z">
          <reporter-output>
          </reporter-output>
        </test-method> <!-- setup -->
        <test-method status="PASS" signature="Login_forgotPassword()[pri:0, instance:com.TestScript.ForgotPass_TestScript@479d31f3]" name="Login_forgotPassword" duration-ms="781" started-at="2020-06-17T04:02:45Z" finished-at="2020-06-17T04:02:46Z">
          <reporter-output>
          </reporter-output>
        </test-method> <!-- Login_forgotPassword -->
        <test-method status="PASS" signature="closebrowser()[pri:0, instance:com.TestScript.ForgotPass_TestScript@479d31f3]" name="closebrowser" is-config="true" duration-ms="868" started-at="2020-06-17T04:02:46Z" finished-at="2020-06-17T04:02:47Z">
          <reporter-output>
          </reporter-output>
        </test-method> <!-- closebrowser -->
      </class> <!-- com.TestScript.ForgotPass_TestScript -->
    </test> <!-- Forgotpass_Test -->
    <test name="Home_Test" duration-ms="16143" started-at="2020-06-17T04:02:47Z" finished-at="2020-06-17T04:03:03Z">
      <class name="com.TestScript.Home_TestScript">
        <test-method status="PASS" signature="launchbrowsr()[pri:0, instance:com.TestScript.Home_TestScript@384ad17b]" name="launchbrowsr" is-config="true" duration-ms="7639" started-at="2020-06-17T04:02:47Z" finished-at="2020-06-17T04:02:54Z">
          <reporter-output>
          </reporter-output>
        </test-method> <!-- launchbrowsr -->
        <test-method status="PASS" signature="setup()[pri:0, instance:com.TestScript.Home_TestScript@384ad17b]" name="setup" is-config="true" duration-ms="2" started-at="2020-06-17T04:02:54Z" depends-on-methods="com.Utility.TestBase.launchbrowsr" finished-at="2020-06-17T04:02:54Z">
          <reporter-output>
          </reporter-output>
        </test-method> <!-- setup -->
        <test-method status="PASS" signature="login_forHomepage()[pri:1, instance:com.TestScript.Home_TestScript@384ad17b]" name="login_forHomepage" duration-ms="6713" started-at="2020-06-17T04:02:54Z" finished-at="2020-06-17T04:03:01Z">
          <reporter-output>
          </reporter-output>
        </test-method> <!-- login_forHomepage -->
        <test-method status="FAIL" signature="homepage_displayed()[pri:2, instance:com.TestScript.Home_TestScript@384ad17b]" name="homepage_displayed" duration-ms="158" started-at="2020-06-17T04:03:01Z" finished-at="2020-06-17T04:03:01Z">
          <exception class="java.lang.AssertionError">
            <message>
              <![CDATA[expected [Ho] but found [Home]]]>
            </message>
            <full-stacktrace>
              <![CDATA[java.lang.AssertionError: expected [Ho] but found [Home]
at org.testng.Assert.fail(Assert.java:96)
at org.testng.Assert.failNotEquals(Assert.java:776)
at org.testng.Assert.assertEqualsImpl(Assert.java:137)
at org.testng.Assert.assertEquals(Assert.java:118)
at org.testng.Assert.assertEquals(Assert.java:453)
at org.testng.Assert.assertEquals(Assert.java:463)
at com.TestScript.Home_TestScript.homepage_displayed(Home_TestScript.java:35)
at sun.reflect.NativeMethodAccessorImpl.invoke0(Native Method)
at sun.reflect.NativeMethodAccessorImpl.invoke(Unknown Source)
at sun.reflect.DelegatingMethodAccessorImpl.invoke(Unknown Source)
at java.lang.reflect.Method.invoke(Unknown Source)
at org.testng.internal.MethodInvocationHelper.invokeMethod(MethodInvocationHelper.java:124)
at org.testng.internal.Invoker.invokeMethod(Invoker.java:583)
at org.testng.internal.Invoker.invokeTestMethod(Invoker.java:719)
at org.testng.internal.Invoker.invokeTestMethods(Invoker.java:989)
at org.testng.internal.TestMethodWorker.invokeTestMethods(TestMethodWorker.java:125)
at org.testng.internal.TestMethodWorker.run(TestMethodWorker.java:109)
at org.testng.TestRunner.privateRun(TestRunner.java:648)
at org.testng.TestRunner.run(TestRunner.java:505)
at org.testng.SuiteRunner.runTest(SuiteRunner.java:455)
at org.testng.SuiteRunner.runSequentially(SuiteRunner.java:450)
at org.testng.SuiteRunner.privateRun(SuiteRunner.java:415)
at org.testng.SuiteRunner.run(SuiteRunner.java:364)
at org.testng.SuiteRunnerWorker.runSuite(SuiteRunnerWorker.java:52)
at org.testng.SuiteRunnerWorker.run(SuiteRunnerWorker.java:84)
at org.testng.TestNG.runSuitesSequentially(TestNG.java:1208)
at org.testng.TestNG.runSuitesLocally(TestNG.java:1137)
at org.testng.TestNG.runSuites(TestNG.java:1049)
at org.testng.TestNG.run(TestNG.java:1017)
at org.testng.remote.AbstractRemoteTestNG.run(AbstractRemoteTestNG.java:115)
at org.testng.remote.RemoteTestNG.initAndRun(RemoteTestNG.java:251)
at org.testng.remote.RemoteTestNG.main(RemoteTestNG.java:77)
]]>
            </full-stacktrace>
          </exception> <!-- java.lang.AssertionError -->
          <reporter-output>
          </reporter-output>
        </test-method> <!-- homepage_displayed -->
        <test-method status="PASS" signature="closebrowser()[pri:0, instance:com.TestScript.Home_TestScript@384ad17b]" name="closebrowser" is-config="true" duration-ms="1056" started-at="2020-06-17T04:03:02Z" finished-at="2020-06-17T04:03:03Z">
          <reporter-output>
          </reporter-output>
        </test-method> <!-- closebrowser -->
      </class> <!-- com.TestScript.Home_TestScript -->
    </test> <!-- Home_Test -->
    <test name="Logout_Test" duration-ms="16766" started-at="2020-06-17T04:03:03Z" finished-at="2020-06-17T04:03:20Z">
      <class name="com.TestScript.Logout_TestScript">
        <test-method status="PASS" signature="settinglog4j()[pri:0, instance:com.TestScript.Logout_TestScript@1a451d4d]" name="settinglog4j" is-config="true" duration-ms="51" started-at="2020-06-17T04:02:25Z" finished-at="2020-06-17T04:02:26Z">
          <reporter-output>
          </reporter-output>
        </test-method> <!-- settinglog4j -->
        <test-method status="PASS" signature="launchbrowsr()[pri:0, instance:com.TestScript.Logout_TestScript@1a451d4d]" name="launchbrowsr" is-config="true" duration-ms="7865" started-at="2020-06-17T04:03:03Z" finished-at="2020-06-17T04:03:11Z">
          <reporter-output>
          </reporter-output>
        </test-method> <!-- launchbrowsr -->
        <test-method status="PASS" signature="setup()[pri:0, instance:com.TestScript.Logout_TestScript@1a451d4d]" name="setup" is-config="true" duration-ms="3" started-at="2020-06-17T04:03:11Z" depends-on-methods="com.Utility.TestBase.launchbrowsr" finished-at="2020-06-17T04:03:11Z">
          <reporter-output>
          </reporter-output>
        </test-method> <!-- setup -->
        <test-method status="PASS" signature="login_forlogoutPage()[pri:1, instance:com.TestScript.Logout_TestScript@1a451d4d]" name="login_forlogoutPage" duration-ms="495" started-at="2020-06-17T04:03:11Z" finished-at="2020-06-17T04:03:11Z">
          <reporter-output>
          </reporter-output>
        </test-method> <!-- login_forlogoutPage -->
        <test-method status="PASS" signature="Button_clicked()[pri:2, instance:com.TestScript.Logout_TestScript@1a451d4d]" name="Button_clicked" duration-ms="7095" started-at="2020-06-17T04:03:11Z" finished-at="2020-06-17T04:03:18Z">
          <reporter-output>
          </reporter-output>
        </test-method> <!-- Button_clicked -->
        <test-method status="PASS" signature="logout()[pri:3, instance:com.TestScript.Logout_TestScript@1a451d4d]" name="logout" duration-ms="447" started-at="2020-06-17T04:03:18Z" finished-at="2020-06-17T04:03:19Z">
          <reporter-output>
          </reporter-output>
        </test-method> <!-- logout -->
        <test-method status="PASS" signature="closebrowser()[pri:0, instance:com.TestScript.Logout_TestScript@1a451d4d]" name="closebrowser" is-config="true" duration-ms="852" started-at="2020-06-17T04:03:19Z" finished-at="2020-06-17T04:03:20Z">
          <reporter-output>
          </reporter-output>
        </test-method> <!-- closebrowser -->
      </class> <!-- com.TestScript.Logout_TestScript -->
    </test> <!-- Logout_Test -->
  </suite> <!-- Functional_Suite -->
</testng-results>
